<?xml version="1.0" encoding="UTF-8"?>
<robot generator="Robot 4.0 (Python 3.9.2 on win32)" generated="20220501 12:00:57.220" rpa="false" schemaversion="2">
<suite id="s1" name="Sessions" source="C:\GravidadeZero\getgeeks\project\backend\users\tests\Sessions.robot">
<test id="s1-t1" name="User session">
<kw name="Create Dictionary" library="BuiltIn">
<var>${payload}</var>
<arg>email=moiraluiza@hotmail.com</arg>
<arg>password=pwd123</arg>
<doc>Creates and returns a dictionary based on the given ``items``.</doc>
<msg timestamp="20220501 12:00:57.593" level="INFO">${payload} = {'email': 'moiraluiza@hotmail.com', 'password': 'pwd123'}</msg>
<status status="PASS" starttime="20220501 12:00:57.592" endtime="20220501 12:00:57.593"/>
</kw>
<kw name="POST" library="RequestsLibrary">
<var>${response}</var>
<arg>${API_USERS}/sessions</arg>
<arg>json=${payload}</arg>
<doc>Sends a POST request.</doc>
<msg timestamp="20220501 12:00:58.265" level="INFO">POST Request : url=https://getgeeks-users-moira.herokuapp.com/sessions 
 path_url=/sessions 
 headers={'User-Agent': 'python-requests/2.25.1', 'Accept-Encoding': 'gzip, deflate', 'Accept': '*/*', 'Connection': 'keep-alive', 'Content-Length': '57', 'Content-Type': 'application/json'} 
 body=b'{"email": "moiraluiza@hotmail.com", "password": "pwd123"}' 
 </msg>
<msg timestamp="20220501 12:00:58.265" level="INFO">POST Response : url=https://getgeeks-users-moira.herokuapp.com/sessions 
 status=200, reason=OK 
 headers={'Server': 'Cowboy', 'Connection': 'keep-alive', 'X-Powered-By': 'Express', 'Access-Control-Allow-Origin': '*', 'Content-Type': 'application/json; charset=utf-8', 'Content-Length': '368', 'Etag': 'W/"170-aEY+a22Yuwet51pYv0qLPGu2HfA"', 'Date': 'Sun, 01 May 2022 15:00:58 GMT', 'Via': '1.1 vegur'} 
 body={"user":{"id":238,"email":"moiraluiza@hotmail.com","password_hash":"$2b$08$XrYVFZeBVZ3iV3mgisCSzO.QP1uWfH10SBWxTNjXuIJv2GQoIpHqq","name":"Moira Luiza","avatar":null,"whatsapp":null,"is_geek":false},"token":"eyJhbGciOiJIUzI1NiIsInR5cCI6IkpXVCJ9.eyJpZCI6MjM4LCJpYXQiOjE2NTE0MTcyNTgsImV4cCI6MTY1MjI4MTI1OH0.w1HiceUxCq_pZOOftTnCf4t4bUtX560ckpSQ5blwMQU","expires_in":"10d"} 
 </msg>
<msg timestamp="20220501 12:00:58.266" level="INFO">${response} = &lt;Response [200]&gt;</msg>
<status status="PASS" starttime="20220501 12:00:57.593" endtime="20220501 12:00:58.266"/>
</kw>
<kw name="Status Should Be" library="RequestsLibrary">
<arg>200</arg>
<arg>${response}</arg>
<doc>Fails if response status code is different than the expected.</doc>
<status status="PASS" starttime="20220501 12:00:58.266" endtime="20220501 12:00:58.267"/>
</kw>
<kw name="Get Length" library="BuiltIn">
<var>${size}</var>
<arg>${response.json()}[token]</arg>
<doc>Returns and logs the length of the given item as an integer.</doc>
<msg timestamp="20220501 12:00:58.268" level="INFO">Length is 140</msg>
<msg timestamp="20220501 12:00:58.268" level="INFO">${size} = 140</msg>
<status status="PASS" starttime="20220501 12:00:58.268" endtime="20220501 12:00:58.268"/>
</kw>
<kw name="Convert To Integer" library="BuiltIn">
<var>${expected_size}</var>
<arg>140</arg>
<doc>Converts the given item to an integer number.</doc>
<msg timestamp="20220501 12:00:58.269" level="INFO">${expected_size} = 140</msg>
<status status="PASS" starttime="20220501 12:00:58.269" endtime="20220501 12:00:58.269"/>
</kw>
<kw name="Should Be Equal" library="BuiltIn">
<arg>${expected_size}</arg>
<arg>${size}</arg>
<doc>Fails if the given objects are unequal.</doc>
<status status="PASS" starttime="20220501 12:00:58.270" endtime="20220501 12:00:58.270"/>
</kw>
<kw name="Should Be Equal" library="BuiltIn">
<arg>10d</arg>
<arg>${response.json()}[expires_in]</arg>
<doc>Fails if the given objects are unequal.</doc>
<status status="PASS" starttime="20220501 12:00:58.271" endtime="20220501 12:00:58.272"/>
</kw>
<status status="PASS" starttime="20220501 12:00:57.592" endtime="20220501 12:00:58.273"/>
</test>
<test id="s1-t2" name="Incorrect pass">
<kw name="Create Dictionary" library="BuiltIn">
<var>${payload}</var>
<arg>email=moiraluiza@hotmail.com</arg>
<arg>password=abc123</arg>
<doc>Creates and returns a dictionary based on the given ``items``.</doc>
<msg timestamp="20220501 12:00:58.276" level="INFO">${payload} = {'email': 'moiraluiza@hotmail.com', 'password': 'abc123'}</msg>
<status status="PASS" starttime="20220501 12:00:58.275" endtime="20220501 12:00:58.276"/>
</kw>
<kw name="POST" library="RequestsLibrary">
<var>${response}</var>
<arg>${API_USERS}/sessions</arg>
<arg>json=${payload}</arg>
<doc>Sends a POST request.</doc>
<msg timestamp="20220501 12:00:58.917" level="INFO">POST Request : url=https://getgeeks-users-moira.herokuapp.com/sessions 
 path_url=/sessions 
 headers={'User-Agent': 'python-requests/2.25.1', 'Accept-Encoding': 'gzip, deflate', 'Accept': '*/*', 'Connection': 'keep-alive', 'Content-Length': '57', 'Content-Type': 'application/json'} 
 body=b'{"email": "moiraluiza@hotmail.com", "password": "abc123"}' 
 </msg>
<msg timestamp="20220501 12:00:58.917" level="INFO">POST Response : url=https://getgeeks-users-moira.herokuapp.com/sessions 
 status=401, reason=Unauthorized 
 headers={'Server': 'Cowboy', 'Connection': 'keep-alive', 'X-Powered-By': 'Express', 'Access-Control-Allow-Origin': '*', 'Content-Type': 'application/json; charset=utf-8', 'Content-Length': '24', 'Etag': 'W/"18-XPDV80vbMk4yY1/PADG4jYM4rSI"', 'Date': 'Sun, 01 May 2022 15:00:58 GMT', 'Via': '1.1 vegur'} 
 body={"error":"Unauthorized"} 
 </msg>
<msg timestamp="20220501 12:00:58.927" level="FAIL">HTTPError: 401 Client Error: Unauthorized for url: https://getgeeks-users-moira.herokuapp.com/sessions</msg>
<status status="FAIL" starttime="20220501 12:00:58.277" endtime="20220501 12:00:58.927"/>
</kw>
<kw name="Status Should Be" library="RequestsLibrary">
<arg>401</arg>
<arg>${response}</arg>
<doc>Fails if response status code is different than the expected.</doc>
<status status="NOT RUN" starttime="20220501 12:00:58.932" endtime="20220501 12:00:58.933"/>
</kw>
<kw name="Should Be Equal" library="BuiltIn">
<arg>Unauthorized</arg>
<arg>${response.json()}[error]</arg>
<doc>Fails if the given objects are unequal.</doc>
<status status="NOT RUN" starttime="20220501 12:00:58.933" endtime="20220501 12:00:58.933"/>
</kw>
<status status="FAIL" starttime="20220501 12:00:58.274" endtime="20220501 12:00:58.934">HTTPError: 401 Client Error: Unauthorized for url: https://getgeeks-users-moira.herokuapp.com/sessions</status>
</test>
<doc>Session route test suite</doc>
<status status="FAIL" starttime="20220501 12:00:57.220" endtime="20220501 12:00:58.937"/>
</suite>
<statistics>
<total>
<stat pass="1" fail="1" skip="0">All Tests</stat>
</total>
<tag>
</tag>
<suite>
<stat pass="1" fail="1" skip="0" id="s1" name="Sessions">Sessions</stat>
</suite>
</statistics>
<errors>
</errors>
</robot>
